빌드 시작: 2018-05-28 오후 10:40:32
     1>2 노드의 "C:\Users\Sunpil\Desktop\4학년 1학기\컴퓨터그래픽스_김창현\연구\2000111222_홍길동_PA2\2000111222_홍길동_PA2.vcxproj" 프로젝트(Build 대상)입니다.
       프로젝트 파일에 ToolsVersion="14.0"이(가) 들어 있습니다. 이 도구 집합은 알 수 없거나 누락되었을 수 있습니다. 이 경우 적절한 버전의 MSBuild를 설치하여 이 문제를 해결할 수 있습니다. 그렇지 않으면 빌드가 정책상의 이유로 특정 ToolsVersion이 될 수 있습니다. 프로젝트에 ToolsVersion="4.0"이 들어 있는 것으로 간주합니다. 자세한 내용은 http://go.microsoft.com/fwlink/?LinkId=291333을 참조하십시오.
     1>ClCompile:
         C:\Program Files (x86)\Microsoft Visual Studio 11.0\VC\bin\CL.exe /c /IC:\Users\RENDER4\Desktop\Files\OpenGL\GL /Zi /nologo /W3 /WX- /sdl /O2 /Oi /Oy- /GL /D _UNICODE /D UNICODE /Gm- /EHsc /MD /GS /Gy /fp:precise /Zc:wchar_t /Zc:forScope /Fo"Release\\" /Fd"Release\vc110.pdb" /Gd /TP /analyze- /errorReport:prompt Main.cpp
         Main.cpp
     1>C:\Program Files (x86)\Windows Kits\8.0\Include\um\GL/gl.h : warning C4819: 현재 코드 페이지(949)에서 표시할 수 없는 문자가 파일에 들어 있습니다. 데이터가 손실되지 않게 하려면 해당 파일을 유니코드 형식으로 저장하십시오.
     1>Main.cpp(112): warning C4018: '<' : signed 또는 unsigned가 일치하지 않습니다.
     1>Main.cpp(346): error C2664: 'glTranslatef' : 매개 변수 1을(를) 'GLfloat [10]'에서 'GLfloat'(으)로 변환할 수 없습니다.
                 이 변환이 가능한 컨텍스트가 없습니다.
     1>Main.cpp(351): error C2171: '-' : 'GLfloat [10]' 형식의 피연산자에는 맞지 않습니다.
     1>Main.cpp(351): error C2664: 'glTranslatef' : 매개 변수 1을(를) 'GLfloat [10]'에서 'GLfloat'(으)로 변환할 수 없습니다.
                 이 변환이 가능한 컨텍스트가 없습니다.
     1>Main.cpp(355): error C2664: 'glRotatef' : 매개 변수 1을(를) 'GLfloat [10]'에서 'GLfloat'(으)로 변환할 수 없습니다.
                 이 변환이 가능한 컨텍스트가 없습니다.
     1>Main.cpp(356): error C2664: 'glRotatef' : 매개 변수 1을(를) 'GLfloat [10]'에서 'GLfloat'(으)로 변환할 수 없습니다.
                 이 변환이 가능한 컨텍스트가 없습니다.
     1>Main.cpp(357): error C2664: 'glRotatef' : 매개 변수 1을(를) 'GLfloat [10]'에서 'GLfloat'(으)로 변환할 수 없습니다.
                 이 변환이 가능한 컨텍스트가 없습니다.
     1>Main.cpp(361): error C2664: 'glTranslatef' : 매개 변수 1을(를) 'GLfloat [10]'에서 'GLfloat'(으)로 변환할 수 없습니다.
                 이 변환이 가능한 컨텍스트가 없습니다.
     1>Main.cpp(467): error C2112: '-' : 포인터 빼기에는 정수 계열 또는 포인터 피연산자가 있어야 합니다.
     1>Main.cpp(470): error C2112: '-' : 포인터 빼기에는 정수 계열 또는 포인터 피연산자가 있어야 합니다.
     1>Main.cpp(473): error C2112: '-' : 포인터 빼기에는 정수 계열 또는 포인터 피연산자가 있어야 합니다.
     1>Main.cpp(476): error C2112: '-' : 포인터 빼기에는 정수 계열 또는 포인터 피연산자가 있어야 합니다.
     1>Main.cpp(491): error C2106: '+=' : 왼쪽 피연산자는 l-value이어야 합니다.
     1>Main.cpp(492): error C2106: '+=' : 왼쪽 피연산자는 l-value이어야 합니다.
     1>Main.cpp(493): error C2106: '+=' : 왼쪽 피연산자는 l-value이어야 합니다.
     1>Main.cpp(495): error C2106: '+=' : 왼쪽 피연산자는 l-value이어야 합니다.
     1>Main.cpp(496): error C2106: '+=' : 왼쪽 피연산자는 l-value이어야 합니다.
     1>Main.cpp(506): error C2440: '=' : 'int'에서 'int [10]'(으)로 변환할 수 없습니다.
                 참조 또는 배열에 대한 포인터로의 변환은 있지만 배열 형식으로의 변환은 없습니다.
     1>Main.cpp(509): error C2440: '=' : 'int'에서 'GLfloat [10]'(으)로 변환할 수 없습니다.
                 참조 또는 배열에 대한 포인터로의 변환은 있지만 배열 형식으로의 변환은 없습니다.
     1>Main.cpp(515): error C2446: '>' : 'int'에서 'GLfloat *'(으)로 변환되지 않았습니다.
                 정수 계열 형식에서 포인터 형식으로 변환하려면 reinterpret_cast, C 스타일 캐스트 또는 함수 스타일 캐스트가 필요합니다.
     1>Main.cpp(515): error C2040: '>' : 'GLfloat [10]'의 간접 참조 수준이 'int'과(와) 다릅니다.
     1>Main.cpp(517): error C2106: '-=' : 왼쪽 피연산자는 l-value이어야 합니다.
     1>Main.cpp(518): error C2106: '-=' : 왼쪽 피연산자는 l-value이어야 합니다.
     1>Main.cpp(519): error C2106: '+=' : 왼쪽 피연산자는 l-value이어야 합니다.
     1>Main.cpp(520): error C2106: '+=' : 왼쪽 피연산자는 l-value이어야 합니다.
     1>Main.cpp(528): error C2106: '-=' : 왼쪽 피연산자는 l-value이어야 합니다.
     1>"C:\Users\Sunpil\Desktop\4학년 1학기\컴퓨터그래픽스_김창현\연구\2000111222_홍길동_PA2\2000111222_홍길동_PA2.vcxproj" 프로젝트를 빌드했습니다(Build 대상). - 실패

빌드하지 못했습니다.

경과 시간: 00:00:00.64
